<?xml version="1.0" encoding="UTF-8"?>
<!-- Generated by org.testng.reporters.JUnitReportReporter -->
<testsuite hostname="Swati" failures="0" tests="3" name="swatikagalkaracademy.Tests.SubmitOrderTest" time="19.844" errors="0" timestamp="2024-10-22T20:45:34 IST" skipped="0">
  <testcase classname="swatikagalkaracademy.Tests.SubmitOrderTest" name="submitOrder" time="7.425"/>
  <testcase classname="swatikagalkaracademy.Tests.SubmitOrderTest" name="submitOrder" time="9.342"/>
  <testcase classname="swatikagalkaracademy.Tests.SubmitOrderTest" name="OrderHistoryTest" time="3.077"/>
</testsuite> <!-- swatikagalkaracademy.Tests.SubmitOrderTest -->
