<?xml version="1.0" encoding="UTF-8"?>
<!-- Generated by org.testng.reporters.JUnitReportReporter -->
<testsuite hostname="Swati" failures="0" tests="1" name="swatikagalkaracademy.Tests.ErrorValidations" time="3.849" errors="0" timestamp="2024-10-17T07:37:53 IST" skipped="0">
  <testcase classname="swatikagalkaracademy.Tests.ErrorValidations" name="submitOrder" time="3.849"/>
</testsuite> <!-- swatikagalkaracademy.Tests.ErrorValidations -->
