<?xml version="1.0" encoding="UTF-8"?>
<!-- Generated by org.testng.reporters.JUnitReportReporter -->
<testsuite hostname="Swati" failures="0" tests="2" name="swatikagalkaracademy.Tests.ErrorValidationsTest" time="10.377" errors="0" timestamp="2024-10-17T13:35:37 IST" skipped="0">
  <testcase classname="swatikagalkaracademy.Tests.ErrorValidationsTest" name="LoginErrorValidation" time="3.961"/>
  <testcase classname="swatikagalkaracademy.Tests.ErrorValidationsTest" name="ProductErrorValidations" time="6.416"/>
</testsuite> <!-- swatikagalkaracademy.Tests.ErrorValidationsTest -->
