<?xml version="1.0" encoding="UTF-8"?>
<!-- Generated by org.testng.reporters.JUnitReportReporter -->
<testsuite hostname="Swati" failures="0" tests="3" name="swatikagalkaracademy.Tests.SubmitOrderTest" time="15.859" errors="0" timestamp="2024-10-17T13:36:15 IST" skipped="0">
  <testcase classname="swatikagalkaracademy.Tests.SubmitOrderTest" name="submitOrder" time="6.461"/>
  <testcase classname="swatikagalkaracademy.Tests.SubmitOrderTest" name="submitOrder" time="6.378"/>
  <testcase classname="swatikagalkaracademy.Tests.SubmitOrderTest" name="OrderHistoryTest" time="3.020"/>
</testsuite> <!-- swatikagalkaracademy.Tests.SubmitOrderTest -->
