<?xml version="1.0" encoding="UTF-8"?>
<!-- Generated by org.testng.reporters.JUnitReportReporter -->
<testsuite hostname="Swati" failures="0" tests="2" name="swatikagalkaracademy.Tests.ErrorValidationsTest" time="9.240" errors="0" timestamp="2024-10-17T13:36:15 IST" skipped="0">
  <testcase classname="swatikagalkaracademy.Tests.ErrorValidationsTest" name="LoginErrorValidation" time="2.665"/>
  <testcase classname="swatikagalkaracademy.Tests.ErrorValidationsTest" name="ProductErrorValidations" time="6.575"/>
</testsuite> <!-- swatikagalkaracademy.Tests.ErrorValidationsTest -->
